nohup: ignoring input
nohup: failed to run command 'python': No such file or directory
nohup: ignoring input
nohup: ignoring input
2024-10-12 07:11:21 | cookie_check.py started
nohup: ignoring input
2024-10-12 07:26:09 | cookie_check.py started
2024-10-12 15:26:09 | An error occurred in checkCookies: Message: Process unexpectedly closed with status 255

2024-10-12 15:26:21 | An error occurred in the main loop: local variable 'driver' referenced before assignment
nohup: ignoring input
2024-10-12 16:10:29 | cookie_check.py started
2024-10-13 00:10:29 | checkCookies() started
2024-10-13 00:10:29 | cookie file loaded
2024-10-13 00:10:29 | An error occurred in checkCookies: Message: Unable to obtain driver for chrome; For documentation on this error, please visit: https://www.selenium.dev/documentation/webdriver/troubleshooting/errors/driver_location

2024-10-13 00:10:29 | An error occurred in the main loop: local variable 'driver' referenced before assignment
nohup: ignoring input
2024-10-13 00:28:40 | cookie_check.py started
2024-10-13 00:28:40 | checkCookies() started
2024-10-13 00:28:40 | cookie file loaded
2024-10-13 00:28:41 | chromium started
2024-10-13 00:28:48 | updated cookie status to false
2024-10-13 00:28:48 | cookies currently invalid, attempting to update cookies...
2024-10-13 00:28:48 | updateCookies() started
2024-10-13 00:28:48 | environment variables loaded
2024-10-13 00:28:49 | chromium started
2024-10-13 00:28:52 | cookies successfully updated
2024-10-13 08:28:52 | checkCookies() started
2024-10-13 08:28:52 | cookie file loaded
2024-10-13 08:28:54 | chromium started
2024-10-13 08:29:04 | updated cookie status to true
2024-10-13 16:29:04 | checkCookies() started
2024-10-13 16:29:04 | cookie file loaded
2024-10-13 16:29:06 | chromium started
2024-10-13 16:29:17 | updated cookie status to true
nohup: ignoring input
2024-10-13 19:05:14 | cookie_check.py started
2024-10-13 19:05:14 | check_cookies() started
2024-10-13 19:05:14 | cookie file loaded
2024-10-13 19:05:15 | chromium started
2024-10-13 19:05:24 | updated cookie status to true
2024-10-14 03:05:24 | check_cookies() started
2024-10-14 03:05:24 | cookie file loaded
2024-10-14 03:05:25 | chromium started
2024-10-14 03:05:39 | updated cookie status to true
2024-10-14 11:05:39 | check_cookies() started
2024-10-14 11:05:39 | cookie file loaded
2024-10-14 11:05:40 | chromium started
2024-10-14 11:05:51 | updated cookie status to true
2024-10-14 19:05:52 | check_cookies() started
2024-10-14 19:05:52 | cookie file loaded
2024-10-14 19:05:53 | chromium started
2024-10-14 19:06:04 | updated cookie status to true
2024-10-15 03:06:05 | check_cookies() started
2024-10-15 03:06:05 | cookie file loaded
2024-10-15 03:06:06 | chromium started
2024-10-15 03:06:17 | updated cookie status to true
2024-10-15 11:06:17 | check_cookies() started
2024-10-15 11:06:17 | cookie file loaded
2024-10-15 11:06:18 | chromium started
2024-10-15 11:06:29 | updated cookie status to true
2024-10-15 19:06:29 | check_cookies() started
2024-10-15 19:06:29 | cookie file loaded
2024-10-15 19:06:30 | chromium started
2024-10-15 19:06:41 | updated cookie status to true
2024-10-16 03:06:41 | check_cookies() started
2024-10-16 03:06:41 | cookie file loaded
2024-10-16 03:06:42 | chromium started
2024-10-16 03:06:53 | updated cookie status to true
2024-10-16 11:06:54 | check_cookies() started
2024-10-16 11:06:54 | cookie file loaded
2024-10-16 11:06:55 | chromium started
2024-10-16 11:07:08 | updated cookie status to true
2024-10-16 19:07:08 | check_cookies() started
2024-10-16 19:07:08 | cookie file loaded
2024-10-16 19:07:09 | chromium started
2024-10-16 19:07:19 | updated cookie status to true
2024-10-17 03:07:20 | check_cookies() started
2024-10-17 03:07:20 | cookie file loaded
2024-10-17 03:07:21 | chromium started
2024-10-17 03:07:33 | updated cookie status to true
2024-10-17 11:07:33 | check_cookies() started
2024-10-17 11:07:33 | cookie file loaded
2024-10-17 11:07:35 | chromium started
2024-10-17 11:07:45 | updated cookie status to true
2024-10-17 19:07:45 | check_cookies() started
2024-10-17 19:07:45 | cookie file loaded
2024-10-17 19:07:46 | chromium started
2024-10-17 19:07:59 | updated cookie status to true
nohup: ignoring input
2024-10-17 23:42:11 | cookie_check.py started
2024-10-17 23:42:11 | check_cookies() started
2024-10-17 23:42:11 | cookie file loaded
2024-10-17 23:42:12 | chromium started
2024-10-17 23:42:15 | An error occurred in check_cookies: ('Connection aborted.', RemoteDisconnected('Remote end closed connection without response'))
2024-10-17 23:42:15 | cookies currently invalid, attempting to update cookies...
2024-10-17 23:42:15 | update_cookies() started
2024-10-17 23:42:15 | environment variables loaded
2024-10-17 23:42:15 | chromium started
2024-10-17 23:42:51 | cookies successfully updated
2024-10-18 07:42:52 | check_cookies() started
2024-10-18 07:42:52 | cookie file loaded
2024-10-18 07:42:53 | chromium started
2024-10-18 07:43:03 | updated cookie status to true
2024-10-18 15:43:03 | check_cookies() started
2024-10-18 15:43:03 | cookie file loaded
2024-10-18 15:43:04 | chromium started
2024-10-18 15:43:17 | updated cookie status to true
2024-10-18 23:43:17 | check_cookies() started
2024-10-18 23:43:17 | cookie file loaded
2024-10-18 23:43:18 | chromium started
2024-10-18 23:44:35 | updated cookie status to true
2024-10-19 07:44:35 | check_cookies() started
2024-10-19 07:44:35 | cookie file loaded
2024-10-19 07:44:36 | chromium started
2024-10-19 07:44:48 | updated cookie status to true
2024-10-19 15:44:48 | check_cookies() started
2024-10-19 15:44:48 | cookie file loaded
2024-10-19 15:44:49 | chromium started
2024-10-19 15:45:02 | updated cookie status to true
2024-10-19 23:45:02 | check_cookies() started
2024-10-19 23:45:02 | cookie file loaded
2024-10-19 23:45:03 | chromium started
2024-10-19 23:45:15 | updated cookie status to true
2024-10-20 07:45:15 | check_cookies() started
2024-10-20 07:45:15 | cookie file loaded
2024-10-20 07:45:17 | chromium started
2024-10-20 07:45:28 | updated cookie status to true
2024-10-20 15:45:28 | check_cookies() started
2024-10-20 15:45:28 | cookie file loaded
2024-10-20 15:45:29 | chromium started
2024-10-20 15:45:40 | updated cookie status to true
2024-10-20 23:45:40 | check_cookies() started
2024-10-20 23:45:40 | cookie file loaded
2024-10-20 23:45:41 | chromium started
2024-10-20 23:45:52 | updated cookie status to true
2024-10-21 07:45:52 | check_cookies() started
2024-10-21 07:45:52 | cookie file loaded
2024-10-21 07:45:53 | chromium started
2024-10-21 07:46:04 | updated cookie status to true
2024-10-21 15:46:04 | check_cookies() started
2024-10-21 15:46:04 | cookie file loaded
2024-10-21 15:46:05 | chromium started
2024-10-21 15:46:15 | updated cookie status to true
2024-10-21 23:46:15 | check_cookies() started
2024-10-21 23:46:15 | cookie file loaded
2024-10-21 23:46:17 | chromium started
2024-10-21 23:46:27 | updated cookie status to true
2024-10-22 07:46:27 | check_cookies() started
2024-10-22 07:46:27 | cookie file loaded
2024-10-22 07:46:28 | chromium started
2024-10-22 07:46:38 | updated cookie status to true
2024-10-22 15:46:38 | check_cookies() started
2024-10-22 15:46:38 | cookie file loaded
2024-10-22 15:46:39 | chromium started
2024-10-22 15:46:49 | updated cookie status to true
2024-10-22 23:46:49 | check_cookies() started
2024-10-22 23:46:49 | cookie file loaded
2024-10-22 23:46:50 | chromium started
2024-10-22 23:47:01 | updated cookie status to true
2024-10-23 07:47:01 | check_cookies() started
2024-10-23 07:47:01 | cookie file loaded
2024-10-23 07:47:03 | chromium started
2024-10-23 07:47:12 | updated cookie status to true
2024-10-23 15:47:12 | check_cookies() started
2024-10-23 15:47:12 | cookie file loaded
2024-10-23 15:47:13 | chromium started
2024-10-23 15:47:24 | updated cookie status to true
2024-10-23 23:47:24 | check_cookies() started
2024-10-23 23:47:24 | cookie file loaded
2024-10-23 23:47:25 | chromium started
2024-10-23 23:47:36 | updated cookie status to true
2024-10-24 07:47:37 | check_cookies() started
2024-10-24 07:47:37 | cookie file loaded
2024-10-24 07:47:38 | chromium started
2024-10-24 07:47:48 | updated cookie status to true
2024-10-24 15:47:48 | check_cookies() started
2024-10-24 15:47:48 | cookie file loaded
2024-10-24 15:47:50 | chromium started
2024-10-24 15:48:01 | updated cookie status to true
2024-10-24 23:48:01 | check_cookies() started
2024-10-24 23:48:01 | cookie file loaded
2024-10-24 23:48:03 | chromium started
2024-10-24 23:48:12 | updated cookie status to true
2024-10-25 07:48:12 | check_cookies() started
2024-10-25 07:48:12 | cookie file loaded
2024-10-25 07:48:14 | chromium started
2024-10-25 07:48:27 | updated cookie status to true
2024-10-25 15:48:27 | check_cookies() started
2024-10-25 15:48:27 | cookie file loaded
2024-10-25 15:48:29 | chromium started
2024-10-25 15:48:40 | updated cookie status to true
2024-10-25 23:48:40 | check_cookies() started
2024-10-25 23:48:40 | cookie file loaded
2024-10-25 23:48:42 | chromium started
2024-10-25 23:48:55 | updated cookie status to true
2024-10-26 07:48:55 | check_cookies() started
2024-10-26 07:48:55 | cookie file loaded
2024-10-26 07:48:56 | chromium started
2024-10-26 07:49:10 | updated cookie status to true
2024-10-26 15:49:10 | check_cookies() started
2024-10-26 15:49:10 | cookie file loaded
2024-10-26 15:49:11 | chromium started
2024-10-26 15:49:23 | updated cookie status to true
2024-10-26 23:49:24 | check_cookies() started
2024-10-26 23:49:24 | cookie file loaded
2024-10-26 23:49:25 | chromium started
2024-10-26 23:49:38 | updated cookie status to true
2024-10-27 07:49:38 | check_cookies() started
2024-10-27 07:49:38 | cookie file loaded
2024-10-27 07:49:40 | chromium started
2024-10-27 07:49:53 | updated cookie status to true
2024-10-27 15:49:53 | check_cookies() started
2024-10-27 15:49:53 | cookie file loaded
2024-10-27 15:49:54 | chromium started
2024-10-27 15:50:08 | updated cookie status to true
2024-10-27 23:50:08 | check_cookies() started
2024-10-27 23:50:08 | cookie file loaded
2024-10-27 23:50:10 | chromium started
2024-10-27 23:50:22 | updated cookie status to true
2024-10-28 07:50:22 | check_cookies() started
2024-10-28 07:50:22 | cookie file loaded
2024-10-28 07:50:23 | chromium started
2024-10-28 07:50:36 | updated cookie status to true
2024-10-28 15:50:36 | check_cookies() started
2024-10-28 15:50:36 | cookie file loaded
2024-10-28 15:50:38 | chromium started
2024-10-28 15:50:51 | updated cookie status to true
2024-10-28 23:50:51 | check_cookies() started
2024-10-28 23:50:51 | cookie file loaded
2024-10-28 23:50:52 | chromium started
2024-10-28 23:51:05 | updated cookie status to true
2024-10-29 07:51:05 | check_cookies() started
2024-10-29 07:51:05 | cookie file loaded
2024-10-29 07:51:06 | chromium started
2024-10-29 07:51:17 | updated cookie status to true
2024-10-29 15:51:17 | check_cookies() started
2024-10-29 15:51:17 | cookie file loaded
2024-10-29 15:51:18 | chromium started
2024-10-29 15:51:30 | updated cookie status to true
2024-10-29 23:51:30 | check_cookies() started
2024-10-29 23:51:30 | cookie file loaded
2024-10-29 23:51:31 | chromium started
2024-10-29 23:51:45 | updated cookie status to true
2024-10-30 07:51:45 | check_cookies() started
2024-10-30 07:51:45 | cookie file loaded
2024-10-30 07:51:46 | chromium started
2024-10-30 07:52:00 | updated cookie status to true
2024-10-30 15:52:00 | check_cookies() started
2024-10-30 15:52:00 | cookie file loaded
2024-10-30 15:52:01 | chromium started
2024-10-30 15:52:13 | updated cookie status to true
2024-10-30 23:52:13 | check_cookies() started
2024-10-30 23:52:13 | cookie file loaded
2024-10-30 23:52:14 | chromium started
2024-10-30 23:52:24 | updated cookie status to true
2024-10-31 07:52:24 | check_cookies() started
2024-10-31 07:52:24 | cookie file loaded
2024-10-31 07:52:25 | chromium started
2024-10-31 07:52:37 | updated cookie status to true
2024-10-31 15:52:38 | check_cookies() started
2024-10-31 15:52:38 | cookie file loaded
2024-10-31 15:52:39 | chromium started
2024-10-31 15:52:52 | updated cookie status to true
2024-10-31 23:52:52 | check_cookies() started
2024-10-31 23:52:52 | cookie file loaded
2024-10-31 23:52:53 | chromium started
2024-10-31 23:53:08 | updated cookie status to true
2024-11-01 07:53:08 | check_cookies() started
2024-11-01 07:53:08 | cookie file loaded
2024-11-01 07:53:09 | chromium started
2024-11-01 07:53:22 | updated cookie status to true
2024-11-01 15:53:22 | check_cookies() started
2024-11-01 15:53:22 | cookie file loaded
2024-11-01 15:53:24 | chromium started
2024-11-01 15:53:36 | updated cookie status to true
2024-11-01 23:53:36 | check_cookies() started
2024-11-01 23:53:36 | cookie file loaded
2024-11-01 23:53:37 | chromium started
2024-11-01 23:53:50 | updated cookie status to true
2024-11-02 07:53:50 | check_cookies() started
2024-11-02 07:53:50 | cookie file loaded
2024-11-02 07:53:51 | chromium started
2024-11-02 07:54:03 | updated cookie status to true
2024-11-02 15:54:03 | check_cookies() started
2024-11-02 15:54:03 | cookie file loaded
2024-11-02 15:54:04 | chromium started
2024-11-02 15:54:17 | updated cookie status to true
2024-11-02 23:54:17 | check_cookies() started
2024-11-02 23:54:17 | cookie file loaded
2024-11-02 23:54:18 | chromium started
2024-11-02 23:54:31 | updated cookie status to true
2024-11-03 07:54:31 | check_cookies() started
2024-11-03 07:54:31 | cookie file loaded
2024-11-03 07:54:32 | chromium started
2024-11-03 07:54:45 | updated cookie status to true
2024-11-03 15:54:45 | check_cookies() started
2024-11-03 15:54:45 | cookie file loaded
2024-11-03 15:54:46 | chromium started
2024-11-03 15:55:00 | updated cookie status to true
2024-11-03 23:55:00 | check_cookies() started
2024-11-03 23:55:00 | cookie file loaded
2024-11-03 23:55:02 | chromium started
2024-11-03 23:55:14 | updated cookie status to true
2024-11-04 07:55:14 | check_cookies() started
2024-11-04 07:55:14 | cookie file loaded
2024-11-04 07:55:15 | chromium started
2024-11-04 07:55:29 | updated cookie status to true
2024-11-04 15:55:29 | check_cookies() started
2024-11-04 15:55:29 | cookie file loaded
2024-11-04 15:55:30 | chromium started
2024-11-04 15:55:43 | updated cookie status to true
2024-11-04 23:55:44 | check_cookies() started
2024-11-04 23:55:44 | cookie file loaded
2024-11-04 23:55:45 | chromium started
2024-11-04 23:55:57 | updated cookie status to true
2024-11-05 07:55:57 | check_cookies() started
2024-11-05 07:55:57 | cookie file loaded
2024-11-05 07:55:58 | chromium started
2024-11-05 07:56:12 | updated cookie status to true
2024-11-05 15:56:12 | check_cookies() started
2024-11-05 15:56:12 | cookie file loaded
2024-11-05 15:56:13 | chromium started
2024-11-05 15:56:26 | updated cookie status to true
2024-11-05 23:56:26 | check_cookies() started
2024-11-05 23:56:26 | cookie file loaded
2024-11-05 23:56:28 | chromium started
2024-11-05 23:56:40 | updated cookie status to true
2024-11-06 07:56:40 | check_cookies() started
2024-11-06 07:56:40 | cookie file loaded
2024-11-06 07:56:42 | chromium started
2024-11-06 07:56:53 | updated cookie status to true
2024-11-06 15:56:53 | check_cookies() started
2024-11-06 15:56:53 | cookie file loaded
2024-11-06 15:56:55 | chromium started
2024-11-06 15:57:08 | updated cookie status to true
2024-11-06 23:57:08 | check_cookies() started
2024-11-06 23:57:08 | cookie file loaded
2024-11-06 23:57:10 | chromium started
2024-11-06 23:57:23 | updated cookie status to true
2024-11-07 07:57:23 | check_cookies() started
2024-11-07 07:57:23 | cookie file loaded
2024-11-07 07:57:24 | chromium started
2024-11-07 07:57:37 | updated cookie status to true
2024-11-07 15:57:37 | check_cookies() started
2024-11-07 15:57:37 | cookie file loaded
2024-11-07 15:57:39 | chromium started
2024-11-07 15:57:51 | updated cookie status to true
2024-11-07 23:57:52 | check_cookies() started
2024-11-07 23:57:52 | cookie file loaded
2024-11-07 23:57:54 | chromium started
2024-11-07 23:58:05 | updated cookie status to true
2024-11-08 07:58:06 | check_cookies() started
2024-11-08 07:58:06 | cookie file loaded
2024-11-08 07:58:06 | chromium started
2024-11-08 07:58:20 | updated cookie status to true
2024-11-08 15:58:20 | check_cookies() started
2024-11-08 15:58:20 | cookie file loaded
2024-11-08 15:58:21 | chromium started
2024-11-08 15:58:33 | updated cookie status to true